[debug] [2018-04-02T18:52:17.033Z] ----------------------------------------------------------------------
[debug] [2018-04-02T18:52:17.034Z] Command:       /usr/local/bin/node /usr/local/bin/firebase experimental:functions:shell
[debug] [2018-04-02T18:52:17.035Z] CLI Version:   3.17.7
[debug] [2018-04-02T18:52:17.035Z] Platform:      darwin
[debug] [2018-04-02T18:52:17.035Z] Node Version:  v9.8.0
[debug] [2018-04-02T18:52:17.035Z] Time:          Mon Apr 02 2018 15:52:17 GMT-0300 (ADT)
[debug] [2018-04-02T18:52:17.035Z] ----------------------------------------------------------------------
[debug] 
[debug] [2018-04-02T18:52:17.047Z] > command requires scopes: ["email","openid","https://www.googleapis.com/auth/cloudplatformprojects.readonly","https://www.googleapis.com/auth/firebase","https://www.googleapis.com/auth/cloud-platform"]
[debug] [2018-04-02T18:52:17.048Z] > authorizing via signed-in user
[debug] [2018-04-02T18:52:17.050Z] >>> HTTP REQUEST GET https://admin.firebase.com/v1/projects/assignment4-99c23  
  
 Mon Apr 02 2018 15:52:17 GMT-0300 (ADT)
[debug] [2018-04-02T18:52:17.614Z] <<< HTTP RESPONSE 200
[debug] [2018-04-02T18:52:17.615Z] >>> HTTP REQUEST GET https://admin.firebase.com/v1/database/assignment4-99c23/tokens  
  
 Mon Apr 02 2018 15:52:17 GMT-0300 (ADT)
[debug] [2018-04-02T18:52:18.012Z] <<< HTTP RESPONSE 200
[info] i  functions: Preparing to emulate functions.
[debug] [2018-04-02T18:52:18.625Z] Fetching environment
[debug] [2018-04-02T18:52:18.627Z] >>> HTTP REQUEST GET https://cloudresourcemanager.googleapis.com/v1/projects/assignment4-99c23  
  
 Mon Apr 02 2018 15:52:18 GMT-0300 (ADT)
[debug] [2018-04-02T18:52:19.052Z] <<< HTTP RESPONSE 200
[debug] [2018-04-02T18:52:19.053Z] >>> HTTP REQUEST GET https://mobilesdk-pa.googleapis.com/v1/projects/711476943458:getServerAppConfig  
  
 Mon Apr 02 2018 15:52:19 GMT-0300 (ADT)
[debug] [2018-04-02T18:52:19.549Z] <<< HTTP RESPONSE 200
[debug] [2018-04-02T18:52:19.550Z] Starting @google-cloud/functions-emulator
[debug] [2018-04-02T18:52:20.614Z] Parsing function triggers
[debug] [2018-04-02T18:52:20.831Z] Deploying functions locally
[info] ✔  functions: sendNotification
[debug] [2018-04-02T18:55:28.329Z] ----------------------------------------------------------------------
[debug] [2018-04-02T18:55:28.331Z] Command:       /usr/local/bin/node /usr/local/bin/firebase experimental:functions:shell
[debug] [2018-04-02T18:55:28.332Z] CLI Version:   3.17.7
[debug] [2018-04-02T18:55:28.332Z] Platform:      darwin
[debug] [2018-04-02T18:55:28.332Z] Node Version:  v9.8.0
[debug] [2018-04-02T18:55:28.333Z] Time:          Mon Apr 02 2018 15:55:28 GMT-0300 (ADT)
[debug] [2018-04-02T18:55:28.333Z] ----------------------------------------------------------------------
[debug] 
[debug] [2018-04-02T18:55:28.343Z] > command requires scopes: ["email","openid","https://www.googleapis.com/auth/cloudplatformprojects.readonly","https://www.googleapis.com/auth/firebase","https://www.googleapis.com/auth/cloud-platform"]
[debug] [2018-04-02T18:55:28.343Z] > authorizing via signed-in user
[debug] [2018-04-02T18:55:28.345Z] >>> HTTP REQUEST GET https://admin.firebase.com/v1/projects/assignment4-99c23  
  
 Mon Apr 02 2018 15:55:28 GMT-0300 (ADT)
[debug] [2018-04-02T18:55:28.789Z] <<< HTTP RESPONSE 200
[debug] [2018-04-02T18:55:28.790Z] >>> HTTP REQUEST GET https://admin.firebase.com/v1/database/assignment4-99c23/tokens  
  
 Mon Apr 02 2018 15:55:28 GMT-0300 (ADT)
[debug] [2018-04-02T18:55:29.265Z] <<< HTTP RESPONSE 200
[info] i  functions: Preparing to emulate functions.
[debug] [2018-04-02T18:55:29.688Z] Fetching environment
[debug] [2018-04-02T18:55:29.689Z] >>> HTTP REQUEST GET https://cloudresourcemanager.googleapis.com/v1/projects/assignment4-99c23  
  
 Mon Apr 02 2018 15:55:29 GMT-0300 (ADT)
[debug] [2018-04-02T18:55:30.209Z] <<< HTTP RESPONSE 200
[debug] [2018-04-02T18:55:30.209Z] >>> HTTP REQUEST GET https://mobilesdk-pa.googleapis.com/v1/projects/711476943458:getServerAppConfig  
  
 Mon Apr 02 2018 15:55:30 GMT-0300 (ADT)
[debug] [2018-04-02T18:55:30.789Z] <<< HTTP RESPONSE 200
[debug] [2018-04-02T18:55:30.789Z] Starting @google-cloud/functions-emulator
[debug] [2018-04-02T18:55:31.846Z] Parsing function triggers
[debug] [2018-04-02T18:55:32.036Z] Deploying functions locally
[info] ✔  functions: sendNotification
[debug] [2018-04-02T19:02:49.536Z] ----------------------------------------------------------------------
[debug] [2018-04-02T19:02:49.538Z] Command:       /usr/local/bin/node /usr/local/bin/firebase experimental:functions:shell
[debug] [2018-04-02T19:02:49.538Z] CLI Version:   3.17.7
[debug] [2018-04-02T19:02:49.539Z] Platform:      darwin
[debug] [2018-04-02T19:02:49.539Z] Node Version:  v6.11.5
[debug] [2018-04-02T19:02:49.539Z] Time:          Mon Apr 02 2018 16:02:49 GMT-0300 (ADT)
[debug] [2018-04-02T19:02:49.539Z] ----------------------------------------------------------------------
[debug] 
[debug] [2018-04-02T19:02:49.552Z] > command requires scopes: ["email","openid","https://www.googleapis.com/auth/cloudplatformprojects.readonly","https://www.googleapis.com/auth/firebase","https://www.googleapis.com/auth/cloud-platform"]
[debug] [2018-04-02T19:02:49.553Z] > authorizing via signed-in user
[debug] [2018-04-02T19:02:49.554Z] > refreshing access token with scopes: ["email","https://www.googleapis.com/auth/cloud-platform","https://www.googleapis.com/auth/cloudplatformprojects.readonly","https://www.googleapis.com/auth/firebase","openid"]
[debug] [2018-04-02T19:02:49.555Z] >>> HTTP REQUEST POST https://www.googleapis.com/oauth2/v3/token  
 { refresh_token: '1/aKWDE3hvMy__W6jeJix_GmYKR0S881j3VNMNOI9siLI',
  client_id: '563584335869-fgrhgmd47bqnekij5i8b5pr03ho849e6.apps.googleusercontent.com',
  client_secret: 'j9iVZfS8kkCEFUPaAeJV0sAi',
  grant_type: 'refresh_token',
  scope: 'email https://www.googleapis.com/auth/cloud-platform https://www.googleapis.com/auth/cloudplatformprojects.readonly https://www.googleapis.com/auth/firebase openid' } 
 Mon Apr 02 2018 16:02:49 GMT-0300 (ADT)
[debug] [2018-04-02T19:02:49.838Z] <<< HTTP RESPONSE 200
[debug] [2018-04-02T19:02:49.852Z] >>> HTTP REQUEST GET https://admin.firebase.com/v1/projects/assignment4-99c23  
  
 Mon Apr 02 2018 16:02:49 GMT-0300 (ADT)
[debug] [2018-04-02T19:02:50.377Z] <<< HTTP RESPONSE 200
[debug] [2018-04-02T19:02:50.378Z] >>> HTTP REQUEST GET https://admin.firebase.com/v1/database/assignment4-99c23/tokens  
  
 Mon Apr 02 2018 16:02:50 GMT-0300 (ADT)
[debug] [2018-04-02T19:02:50.772Z] <<< HTTP RESPONSE 200
[info] i  functions: Preparing to emulate functions.
[debug] [2018-04-02T19:02:51.456Z] Fetching environment
[debug] [2018-04-02T19:02:51.457Z] >>> HTTP REQUEST GET https://cloudresourcemanager.googleapis.com/v1/projects/assignment4-99c23  
  
 Mon Apr 02 2018 16:02:51 GMT-0300 (ADT)
[debug] [2018-04-02T19:02:51.745Z] <<< HTTP RESPONSE 200
[debug] [2018-04-02T19:02:51.746Z] >>> HTTP REQUEST GET https://mobilesdk-pa.googleapis.com/v1/projects/711476943458:getServerAppConfig  
  
 Mon Apr 02 2018 16:02:51 GMT-0300 (ADT)
[debug] [2018-04-02T19:02:52.240Z] <<< HTTP RESPONSE 200
[debug] [2018-04-02T19:02:52.241Z] Starting @google-cloud/functions-emulator
[debug] [2018-04-02T19:02:53.828Z] Parsing function triggers
[debug] [2018-04-02T19:02:54.110Z] Deploying functions locally
[info] ✔  functions: sendNotification
