[debug] [2018-03-18T21:15:30.293Z] ----------------------------------------------------------------------
[debug] [2018-03-18T21:15:30.295Z] Command:       /usr/local/bin/node /usr/local/bin/firebase init
[debug] [2018-03-18T21:15:30.295Z] CLI Version:   3.17.6
[debug] [2018-03-18T21:15:30.295Z] Platform:      darwin
[debug] [2018-03-18T21:15:30.295Z] Node Version:  v9.8.0
[debug] [2018-03-18T21:15:30.296Z] Time:          Sun Mar 18 2018 18:15:30 GMT-0300 (ADT)
[debug] [2018-03-18T21:15:30.296Z] ----------------------------------------------------------------------
[debug] 
[debug] [2018-03-18T21:15:30.306Z] > command requires scopes: ["email","openid","https://www.googleapis.com/auth/cloudplatformprojects.readonly","https://www.googleapis.com/auth/firebase"]
[debug] [2018-03-18T21:15:30.306Z] > authorizing via signed-in user
[info] 
     🔥🔥🔥🔥🔥🔥🔥🔥 🔥🔥🔥🔥 🔥🔥🔥🔥🔥🔥🔥🔥  🔥🔥🔥🔥🔥🔥🔥🔥 🔥🔥🔥🔥🔥🔥🔥🔥     🔥🔥🔥     🔥🔥🔥🔥🔥🔥  🔥🔥🔥🔥🔥🔥🔥🔥
     🔥🔥        🔥🔥  🔥🔥     🔥🔥 🔥🔥       🔥🔥     🔥🔥  🔥🔥   🔥🔥  🔥🔥       🔥🔥
     🔥🔥🔥🔥🔥🔥    🔥🔥  🔥🔥🔥🔥🔥🔥🔥🔥  🔥🔥🔥🔥🔥🔥   🔥🔥🔥🔥🔥🔥🔥🔥  🔥🔥🔥🔥🔥🔥🔥🔥🔥  🔥🔥🔥🔥🔥🔥  🔥🔥🔥🔥🔥🔥
     🔥🔥        🔥🔥  🔥🔥    🔥🔥  🔥🔥       🔥🔥     🔥🔥 🔥🔥     🔥🔥       🔥🔥 🔥🔥
     🔥🔥       🔥🔥🔥🔥 🔥🔥     🔥🔥 🔥🔥🔥🔥🔥🔥🔥🔥 🔥🔥🔥🔥🔥🔥🔥🔥  🔥🔥     🔥🔥  🔥🔥🔥🔥🔥🔥  🔥🔥🔥🔥🔥🔥🔥🔥

You're about to initialize a Firebase project in this directory:

  /Users/wzb/mobile_project/FoodPal-demo/notificationFunction

[info] 
=== Project Setup
[info] 
[info] First, let's associate this project directory with a Firebase project.
[info] You can create multiple project aliases by running firebase use --add, 
[info] but for now we'll just set up a default project.
[info] 
[debug] [2018-03-18T21:15:53.280Z] > refreshing access token with scopes: ["email","https://www.googleapis.com/auth/cloudplatformprojects.readonly","https://www.googleapis.com/auth/firebase","openid"]
[debug] [2018-03-18T21:15:53.280Z] >>> HTTP REQUEST POST https://www.googleapis.com/oauth2/v3/token  
 { refresh_token: '1/aKWDE3hvMy__W6jeJix_GmYKR0S881j3VNMNOI9siLI',
  client_id: '563584335869-fgrhgmd47bqnekij5i8b5pr03ho849e6.apps.googleusercontent.com',
  client_secret: 'j9iVZfS8kkCEFUPaAeJV0sAi',
  grant_type: 'refresh_token',
  scope: 'email https://www.googleapis.com/auth/cloudplatformprojects.readonly https://www.googleapis.com/auth/firebase openid' } 
 Sun Mar 18 2018 18:15:53 GMT-0300 (ADT)
[debug] [2018-03-18T21:15:53.997Z] <<< HTTP RESPONSE 200
[debug] [2018-03-18T21:15:54.011Z] >>> HTTP REQUEST GET https://admin.firebase.com/v1/projects  
  
 Sun Mar 18 2018 18:15:54 GMT-0300 (ADT)
[debug] [2018-03-18T21:15:54.508Z] <<< HTTP RESPONSE 200
